C:\Users\kwilmer\source\repos\OverLogy\OverLogy\app\app.component.js
C:\Users\kwilmer\source\repos\OverLogy\OverLogy\app\app.component.js.map
C:\Users\kwilmer\source\repos\OverLogy\OverLogy\app\app.module.js
C:\Users\kwilmer\source\repos\OverLogy\OverLogy\app\app.module.js.map
C:\Users\kwilmer\source\repos\OverLogy\OverLogy\app\main.js
C:\Users\kwilmer\source\repos\OverLogy\OverLogy\app\main.js.map
C:\Users\kwilmer\source\repos\OverLogy\OverLogy\app\app.component.js
C:\Users\kwilmer\source\repos\OverLogy\OverLogy\app\app.component.js.map
C:\Users\kwilmer\source\repos\OverLogy\OverLogy\app\app.module.js
C:\Users\kwilmer\source\repos\OverLogy\OverLogy\app\app.module.js.map
C:\Users\kwilmer\source\repos\OverLogy\OverLogy\app\main.js
C:\Users\kwilmer\source\repos\OverLogy\OverLogy\app\main.js.map
C:\Users\kwilmer\source\repos\OverLogy\OverLogy\app\app.component.js
C:\Users\kwilmer\source\repos\OverLogy\OverLogy\app\app.component.js.map
C:\Users\kwilmer\source\repos\OverLogy\OverLogy\app\app.module.js
C:\Users\kwilmer\source\repos\OverLogy\OverLogy\app\app.module.js.map
C:\Users\kwilmer\source\repos\OverLogy\OverLogy\app\main.js
C:\Users\kwilmer\source\repos\OverLogy\OverLogy\app\main.js.map
C:\Users\kwilmer\source\repos\OverLogy\OverLogy\app\app.component.js
C:\Users\kwilmer\source\repos\OverLogy\OverLogy\app\app.component.js.map
C:\Users\kwilmer\source\repos\OverLogy\OverLogy\app\app.module.js
C:\Users\kwilmer\source\repos\OverLogy\OverLogy\app\app.module.js.map
C:\Users\kwilmer\source\repos\OverLogy\OverLogy\app\main.js
C:\Users\kwilmer\source\repos\OverLogy\OverLogy\app\main.js.map
C:\Users\kwilmer\source\repos\OverLogy\OverLogy\app\app.component.js
C:\Users\kwilmer\source\repos\OverLogy\OverLogy\app\app.component.js.map
C:\Users\kwilmer\source\repos\OverLogy\OverLogy\app\app.module.js
C:\Users\kwilmer\source\repos\OverLogy\OverLogy\app\app.module.js.map
C:\Users\kwilmer\source\repos\OverLogy\OverLogy\app\main.js
C:\Users\kwilmer\source\repos\OverLogy\OverLogy\app\main.js.map
C:\Users\kwilmer\source\repos\OverLogy\OverLogy\app\app.component.js
C:\Users\kwilmer\source\repos\OverLogy\OverLogy\app\app.component.js.map
C:\Users\kwilmer\source\repos\OverLogy\OverLogy\app\app.module.js
C:\Users\kwilmer\source\repos\OverLogy\OverLogy\app\app.module.js.map
C:\Users\kwilmer\source\repos\OverLogy\OverLogy\app\main.js
C:\Users\kwilmer\source\repos\OverLogy\OverLogy\app\main.js.map
C:\Users\kwilmer\source\repos\OverLogy\OverLogy\app\app.component.js
C:\Users\kwilmer\source\repos\OverLogy\OverLogy\app\app.component.js.map
C:\Users\kwilmer\source\repos\OverLogy\OverLogy\app\app.module.js
C:\Users\kwilmer\source\repos\OverLogy\OverLogy\app\app.module.js.map
C:\Users\kwilmer\source\repos\OverLogy\OverLogy\app\main.js
C:\Users\kwilmer\source\repos\OverLogy\OverLogy\app\main.js.map
C:\Users\kwilmer\source\repos\OverLogy\OverLogy\app\app.component.js
C:\Users\kwilmer\source\repos\OverLogy\OverLogy\app\app.component.js.map
C:\Users\kwilmer\source\repos\OverLogy\OverLogy\app\app.module.js
C:\Users\kwilmer\source\repos\OverLogy\OverLogy\app\app.module.js.map
C:\Users\kwilmer\source\repos\OverLogy\OverLogy\app\main.js
C:\Users\kwilmer\source\repos\OverLogy\OverLogy\app\main.js.map
C:\Users\kwilmer\source\repos\OverLogy\OverLogy\app\app.component.js
C:\Users\kwilmer\source\repos\OverLogy\OverLogy\app\app.component.js.map
C:\Users\kwilmer\source\repos\OverLogy\OverLogy\app\app.module.js
C:\Users\kwilmer\source\repos\OverLogy\OverLogy\app\app.module.js.map
C:\Users\kwilmer\source\repos\OverLogy\OverLogy\app\main.js
C:\Users\kwilmer\source\repos\OverLogy\OverLogy\app\main.js.map
C:\Users\kwilmer\source\repos\OverLogy\OverLogy\app\app.component.js
C:\Users\kwilmer\source\repos\OverLogy\OverLogy\app\app.component.js.map
C:\Users\kwilmer\source\repos\OverLogy\OverLogy\app\app.module.js
C:\Users\kwilmer\source\repos\OverLogy\OverLogy\app\app.module.js.map
C:\Users\kwilmer\source\repos\OverLogy\OverLogy\app\main.js
C:\Users\kwilmer\source\repos\OverLogy\OverLogy\app\main.js.map
C:\Users\kwilmer\source\repos\OverLogy\OverLogy\app\app.component.js
C:\Users\kwilmer\source\repos\OverLogy\OverLogy\app\app.component.js.map
C:\Users\kwilmer\source\repos\OverLogy\OverLogy\app\app.module.js
C:\Users\kwilmer\source\repos\OverLogy\OverLogy\app\app.module.js.map
C:\Users\kwilmer\source\repos\OverLogy\OverLogy\app\main.js
C:\Users\kwilmer\source\repos\OverLogy\OverLogy\app\main.js.map
C:\Users\kwilmer\source\repos\OverLogy\OverLogy\app\app.component.js
C:\Users\kwilmer\source\repos\OverLogy\OverLogy\app\app.component.js.map
C:\Users\kwilmer\source\repos\OverLogy\OverLogy\app\app.module.js
C:\Users\kwilmer\source\repos\OverLogy\OverLogy\app\app.module.js.map
C:\Users\kwilmer\source\repos\OverLogy\OverLogy\app\main.js
C:\Users\kwilmer\source\repos\OverLogy\OverLogy\app\main.js.map
C:\Users\kwilmer\source\repos\OverLogy\OverLogy\app\app.component.js
C:\Users\kwilmer\source\repos\OverLogy\OverLogy\app\app.component.js.map
C:\Users\kwilmer\source\repos\OverLogy\OverLogy\app\app.module.js
C:\Users\kwilmer\source\repos\OverLogy\OverLogy\app\app.module.js.map
C:\Users\kwilmer\source\repos\OverLogy\OverLogy\app\main.js
C:\Users\kwilmer\source\repos\OverLogy\OverLogy\app\main.js.map
C:\Users\kwilmer\source\repos\OverLogy\OverLogy\app\app.component.js
C:\Users\kwilmer\source\repos\OverLogy\OverLogy\app\app.component.js.map
C:\Users\kwilmer\source\repos\OverLogy\OverLogy\app\app.module.js
C:\Users\kwilmer\source\repos\OverLogy\OverLogy\app\app.module.js.map
C:\Users\kwilmer\source\repos\OverLogy\OverLogy\app\main.js
C:\Users\kwilmer\source\repos\OverLogy\OverLogy\app\main.js.map
C:\Users\kwilmer\source\repos\OverLogy\OverLogy\app\app.component.js
C:\Users\kwilmer\source\repos\OverLogy\OverLogy\app\app.component.js.map
C:\Users\kwilmer\source\repos\OverLogy\OverLogy\app\app.module.js
C:\Users\kwilmer\source\repos\OverLogy\OverLogy\app\app.module.js.map
C:\Users\kwilmer\source\repos\OverLogy\OverLogy\app\main.js
C:\Users\kwilmer\source\repos\OverLogy\OverLogy\app\main.js.map
C:\Users\kwilmer\source\repos\OverLogy\OverLogy\app\app.component.js
C:\Users\kwilmer\source\repos\OverLogy\OverLogy\app\app.component.js.map
C:\Users\kwilmer\source\repos\OverLogy\OverLogy\app\app.module.js
C:\Users\kwilmer\source\repos\OverLogy\OverLogy\app\app.module.js.map
C:\Users\kwilmer\source\repos\OverLogy\OverLogy\app\main.js
C:\Users\kwilmer\source\repos\OverLogy\OverLogy\app\main.js.map
C:\Users\kwilmer\source\repos\OverLogy\OverLogy\app\app.component.js
C:\Users\kwilmer\source\repos\OverLogy\OverLogy\app\app.component.js.map
C:\Users\kwilmer\source\repos\OverLogy\OverLogy\app\app.module.js
C:\Users\kwilmer\source\repos\OverLogy\OverLogy\app\app.module.js.map
C:\Users\kwilmer\source\repos\OverLogy\OverLogy\app\main.js
C:\Users\kwilmer\source\repos\OverLogy\OverLogy\app\main.js.map
C:\Users\kwilmer\source\repos\OverLogy\OverLogy\app\app.component.js
C:\Users\kwilmer\source\repos\OverLogy\OverLogy\app\app.component.js.map
C:\Users\kwilmer\source\repos\OverLogy\OverLogy\app\app.module.js
C:\Users\kwilmer\source\repos\OverLogy\OverLogy\app\app.module.js.map
C:\Users\kwilmer\source\repos\OverLogy\OverLogy\app\main.js
C:\Users\kwilmer\source\repos\OverLogy\OverLogy\app\main.js.map
C:\Users\kwilmer\source\repos\OverLogy\OverLogy\app\app.component.js
C:\Users\kwilmer\source\repos\OverLogy\OverLogy\app\app.component.js.map
C:\Users\kwilmer\source\repos\OverLogy\OverLogy\app\app.module.js
C:\Users\kwilmer\source\repos\OverLogy\OverLogy\app\app.module.js.map
C:\Users\kwilmer\source\repos\OverLogy\OverLogy\app\main.js
C:\Users\kwilmer\source\repos\OverLogy\OverLogy\app\main.js.map
C:\Users\kwilmer\source\repos\OverLogy\OverLogy\app\app.component.js
C:\Users\kwilmer\source\repos\OverLogy\OverLogy\app\app.component.js.map
C:\Users\kwilmer\source\repos\OverLogy\OverLogy\app\app.module.js
C:\Users\kwilmer\source\repos\OverLogy\OverLogy\app\app.module.js.map
C:\Users\kwilmer\source\repos\OverLogy\OverLogy\app\main.js
C:\Users\kwilmer\source\repos\OverLogy\OverLogy\app\main.js.map
C:\Users\kwilmer\source\repos\OverLogy\OverLogy\app\app.component.js
C:\Users\kwilmer\source\repos\OverLogy\OverLogy\app\app.component.js.map
C:\Users\kwilmer\source\repos\OverLogy\OverLogy\app\app.module.js
C:\Users\kwilmer\source\repos\OverLogy\OverLogy\app\app.module.js.map
C:\Users\kwilmer\source\repos\OverLogy\OverLogy\app\main.js
C:\Users\kwilmer\source\repos\OverLogy\OverLogy\app\main.js.map
C:\Users\kwilmer\source\repos\OverLogy\OverLogy\app\app.component.js
C:\Users\kwilmer\source\repos\OverLogy\OverLogy\app\app.component.js.map
C:\Users\kwilmer\source\repos\OverLogy\OverLogy\app\app.module.js
C:\Users\kwilmer\source\repos\OverLogy\OverLogy\app\app.module.js.map
C:\Users\kwilmer\source\repos\OverLogy\OverLogy\app\main.js
C:\Users\kwilmer\source\repos\OverLogy\OverLogy\app\main.js.map
C:\Users\kwilmer\source\repos\OverLogy\OverLogy\app\app.component.js
C:\Users\kwilmer\source\repos\OverLogy\OverLogy\app\app.component.js.map
C:\Users\kwilmer\source\repos\OverLogy\OverLogy\app\app.module.js
C:\Users\kwilmer\source\repos\OverLogy\OverLogy\app\app.module.js.map
C:\Users\kwilmer\source\repos\OverLogy\OverLogy\app\main.js
C:\Users\kwilmer\source\repos\OverLogy\OverLogy\app\main.js.map
C:\Users\kwilmer\source\repos\OverLogy\OverLogy\app\app.component.js
C:\Users\kwilmer\source\repos\OverLogy\OverLogy\app\app.component.js.map
C:\Users\kwilmer\source\repos\OverLogy\OverLogy\app\app.module.js
C:\Users\kwilmer\source\repos\OverLogy\OverLogy\app\app.module.js.map
C:\Users\kwilmer\source\repos\OverLogy\OverLogy\app\main.js
C:\Users\kwilmer\source\repos\OverLogy\OverLogy\app\main.js.map
C:\Users\kwilmer\source\repos\OverLogy\OverLogy\app\app.component.js
C:\Users\kwilmer\source\repos\OverLogy\OverLogy\app\app.component.js.map
C:\Users\kwilmer\source\repos\OverLogy\OverLogy\app\app.module.js
C:\Users\kwilmer\source\repos\OverLogy\OverLogy\app\app.module.js.map
C:\Users\kwilmer\source\repos\OverLogy\OverLogy\app\main.js
C:\Users\kwilmer\source\repos\OverLogy\OverLogy\app\main.js.map
C:\Users\kwilmer\source\repos\OverLogy\OverLogy\app\app.component.js
C:\Users\kwilmer\source\repos\OverLogy\OverLogy\app\app.component.js.map
C:\Users\kwilmer\source\repos\OverLogy\OverLogy\app\app.module.js
C:\Users\kwilmer\source\repos\OverLogy\OverLogy\app\app.module.js.map
C:\Users\kwilmer\source\repos\OverLogy\OverLogy\app\main.js
C:\Users\kwilmer\source\repos\OverLogy\OverLogy\app\main.js.map
C:\Users\kwilmer\source\repos\OverLogy\OverLogy\app\app.component.js
C:\Users\kwilmer\source\repos\OverLogy\OverLogy\app\app.component.js.map
C:\Users\kwilmer\source\repos\OverLogy\OverLogy\app\app.module.js
C:\Users\kwilmer\source\repos\OverLogy\OverLogy\app\app.module.js.map
C:\Users\kwilmer\source\repos\OverLogy\OverLogy\app\main.js
C:\Users\kwilmer\source\repos\OverLogy\OverLogy\app\main.js.map
C:\Users\kwilmer\source\repos\OverLogy\OverLogy\app\app.component.js
C:\Users\kwilmer\source\repos\OverLogy\OverLogy\app\app.component.js.map
C:\Users\kwilmer\source\repos\OverLogy\OverLogy\app\app.module.js
C:\Users\kwilmer\source\repos\OverLogy\OverLogy\app\app.module.js.map
C:\Users\kwilmer\source\repos\OverLogy\OverLogy\app\main.js
C:\Users\kwilmer\source\repos\OverLogy\OverLogy\app\main.js.map
